{
  "RSpec": {
    "coverage": {
      "/Users/admin/ca/rails_new/rails_demo/config/environment.rb": {
        "lines": [
          null,
          1,
          null,
          null,
          1
        ]
      },
      "/Users/admin/ca/rails_new/rails_demo/config/application.rb": {
        "lines": [
          1,
          null,
          1,
          1,
          1,
          1,
          1,
          1,
          1,
          1,
          1,
          1,
          1,
          null,
          1,
          null,
          1,
          1,
          1,
          1,
          1,
          1,
          1,
          1,
          1,
          1,
          1,
          null,
          null,
          null
        ]
      },
      "/Users/admin/ca/rails_new/rails_demo/config/boot.rb": {
        "lines": [
          1,
          null,
          1,
          1
        ]
      },
      "/Users/admin/ca/rails_new/rails_demo/config/environments/test.rb": {
        "lines": [
          1,
          null,
          null,
          null,
          null,
          null,
          null,
          1,
          null,
          null,
          1,
          1,
          null,
          null,
          null,
          null,
          1,
          null,
          null,
          1,
          1,
          null,
          null,
          null,
          null,
          1,
          1,
          1,
          null,
          null,
          1,
          null,
          null,
          1,
          null,
          null,
          1,
          null,
          1,
          null,
          null,
          null,
          null,
          1,
          null,
          null,
          1,
          null,
          null,
          1,
          null,
          null,
          1,
          null,
          null,
          null,
          null,
          null,
          null,
          null
        ]
      },
      "/Users/admin/ca/rails_new/rails_demo/config/initializers/application_controller_renderer.rb": {
        "lines": [
          null,
          null,
          null,
          null,
          null,
          null,
          null,
          null
        ]
      },
      "/Users/admin/ca/rails_new/rails_demo/config/initializers/backtrace_silencers.rb": {
        "lines": [
          null,
          null,
          null,
          null,
          null,
          null,
          null,
          1
        ]
      },
      "/Users/admin/ca/rails_new/rails_demo/config/initializers/cors.rb": {
        "lines": [
          1,
          1,
          1,
          null,
          1,
          null,
          null,
          null,
          null
        ]
      },
      "/Users/admin/ca/rails_new/rails_demo/config/initializers/filter_parameter_logging.rb": {
        "lines": [
          null,
          null,
          null,
          1,
          null,
          null
        ]
      },
      "/Users/admin/ca/rails_new/rails_demo/config/initializers/inflections.rb": {
        "lines": [
          null,
          null,
          null,
          null,
          null,
          null,
          null,
          null,
          null,
          null,
          null,
          null,
          null,
          null,
          null,
          null
        ]
      },
      "/Users/admin/ca/rails_new/rails_demo/config/initializers/mime_types.rb": {
        "lines": [
          null,
          null,
          null,
          null
        ]
      },
      "/Users/admin/ca/rails_new/rails_demo/config/initializers/wrap_parameters.rb": {
        "lines": [
          null,
          null,
          null,
          null,
          null,
          null,
          1,
          2,
          null,
          null,
          null,
          null,
          null,
          null
        ]
      },
      "/Users/admin/ca/rails_new/rails_demo/spec/factories/movies.rb": {
        "lines": [
          1,
          1,
          5,
          5,
          5,
          6,
          5,
          null,
          null
        ]
      },
      "/Users/admin/ca/rails_new/rails_demo/config/routes.rb": {
        "lines": [
          1,
          1,
          1,
          null,
          1,
          null
        ]
      },
      "/Users/admin/ca/rails_new/rails_demo/spec/support/response_json.rb": {
        "lines": [
          1,
          1,
          0,
          null,
          null
        ]
      },
      "/Users/admin/ca/rails_new/rails_demo/app/models/movie.rb": {
        "lines": [
          1,
          1,
          null
        ]
      },
      "/Users/admin/ca/rails_new/rails_demo/app/models/application_record.rb": {
        "lines": [
          1,
          1,
          null
        ]
      },
      "/Users/admin/ca/rails_new/rails_demo/spec/request/api/movies/index_spec.rb": {
        "lines": [
          1,
          3,
          1,
          1,
          1,
          1,
          null,
          1,
          1,
          null,
          2,
          null,
          null,
          1,
          1,
          2,
          null,
          2,
          1,
          1,
          null,
          null,
          null
        ]
      },
      "/Users/admin/ca/rails_new/rails_demo/app/controllers/api/movies_controller.rb": {
        "lines": [
          1,
          1,
          3,
          3,
          1,
          null,
          2,
          null,
          null,
          null
        ]
      },
      "/Users/admin/ca/rails_new/rails_demo/app/controllers/application_controller.rb": {
        "lines": [
          1,
          null
        ]
      }
    },
    "timestamp": 1637626583
  }
}
