{
  "RSpec": {
    "coverage": {
      "/Users/admin/ca/rails_new/rails_demo/app/models/movie.rb": {
        "lines": [
          1,
          1,
          null
        ]
      },
      "/Users/admin/ca/rails_new/rails_demo/app/models/application_record.rb": {
        "lines": [
          1,
          1,
          null
        ]
      },
      "/Users/admin/ca/rails_new/rails_demo/app/controllers/api/movies_controller.rb": {
        "lines": [
          1,
          1,
          3,
          3,
          1,
          null,
          2,
          null,
          null,
          null,
          1,
          4,
          4,
          4,
          2,
          null,
          2,
          null,
          null,
          null,
          1,
          3,
          3,
          1,
          null,
          2,
          null,
          null,
          null,
          1,
          null,
          1,
          4,
          null,
          null
        ]
      },
      "/Users/admin/ca/rails_new/rails_demo/app/controllers/application_controller.rb": {
        "lines": [
          1,
          null
        ]
      },
      "/Users/admin/ca/rails_new/rails_demo/app/channels/application_cable/channel.rb": {
        "lines": [
          0,
          0,
          0,
          0
        ],
        "branches": {
        }
      },
      "/Users/admin/ca/rails_new/rails_demo/app/channels/application_cable/connection.rb": {
        "lines": [
          0,
          0,
          0,
          0
        ],
        "branches": {
        }
      },
      "/Users/admin/ca/rails_new/rails_demo/app/jobs/application_job.rb": {
        "lines": [
          0,
          null,
          null,
          null,
          null,
          null,
          0
        ],
        "branches": {
        }
      },
      "/Users/admin/ca/rails_new/rails_demo/app/mailers/application_mailer.rb": {
        "lines": [
          0,
          0,
          0,
          0
        ],
        "branches": {
        }
      }
    },
    "timestamp": 1637699059
  }
}
